Traceback (most recent call last):
  File "C:\Users\USUARIO\anaconda3\envs\pymc_env\lib\site-packages\jupyter_cache\executors\utils.py", line 58, in single_nb_execution
    executenb(
  File "C:\Users\USUARIO\anaconda3\envs\pymc_env\lib\site-packages\nbclient\client.py", line 1204, in execute
    return NotebookClient(nb=nb, resources=resources, km=km, **kwargs).execute()
  File "C:\Users\USUARIO\anaconda3\envs\pymc_env\lib\site-packages\nbclient\util.py", line 84, in wrapped
    return just_run(coro(*args, **kwargs))
  File "C:\Users\USUARIO\anaconda3\envs\pymc_env\lib\site-packages\nbclient\util.py", line 62, in just_run
    return loop.run_until_complete(coro)
  File "C:\Users\USUARIO\anaconda3\envs\pymc_env\lib\asyncio\base_events.py", line 649, in run_until_complete
    return future.result()
  File "C:\Users\USUARIO\anaconda3\envs\pymc_env\lib\site-packages\nbclient\client.py", line 663, in async_execute
    await self.async_execute_cell(
  File "C:\Users\USUARIO\anaconda3\envs\pymc_env\lib\site-packages\nbclient\client.py", line 965, in async_execute_cell
    await self._check_raise_for_error(cell, cell_index, exec_reply)
  File "C:\Users\USUARIO\anaconda3\envs\pymc_env\lib\site-packages\nbclient\client.py", line 862, in _check_raise_for_error
    raise CellExecutionError.from_cell_and_msg(cell, exec_reply_content)
nbclient.exceptions.CellExecutionError: An error occurred while executing the following cell:
------------------
companies = pd.read_csv("https://raw.githubusercontent.com/datasets/s-and-p-500-companies/main/data/constituents.csv")

tickers = companies["Symbol"]
tickers_list = tickers.tolist()
tickers_list[401] = "RVTY"
tickers_list = list(map(lambda x: str.replace(x, ".", "-"), tickers_list))

start_date = "2021-01-01"
end_date = "2023-12-30"

spy = yf.Ticker("SPY").history(start = start_date, end = end_date)
spy_ret = spy['Close'].pct_change().dropna()

returns_df = pd.DataFrame()
for i in tickers_list:
    price = yf.Ticker(i).history(start = start_date, end = end_date)
    ret = price['Close'].pct_change().dropna()
    # returns_df[i] = ret
    returns_df = pd.concat((returns_df, ret.rename(i)), axis=1)
returns_df.columns = tickers_list
returns_df.dropna(axis=1, inplace=True)
returns_df
------------------

[1;31m---------------------------------------------------------------------------[0m
[1;31mHTTPError[0m                                 Traceback (most recent call last)
Cell [1;32mIn[2], line 1[0m
[1;32m----> 1[0m companies [38;5;241m=[39m [43mpd[49m[38;5;241;43m.[39;49m[43mread_csv[49m[43m([49m[38;5;124;43m"[39;49m[38;5;124;43mhttps://raw.githubusercontent.com/datasets/s-and-p-500-companies/main/data/constituents.csv[39;49m[38;5;124;43m"[39;49m[43m)[49m
[0;32m      3[0m tickers [38;5;241m=[39m companies[[38;5;124m"[39m[38;5;124mSymbol[39m[38;5;124m"[39m]
[0;32m      4[0m tickers_list [38;5;241m=[39m tickers[38;5;241m.[39mtolist()

File [1;32m~\anaconda3\envs\pymc_env\lib\site-packages\pandas\io\parsers\readers.py:948[0m, in [0;36mread_csv[1;34m(filepath_or_buffer, sep, delimiter, header, names, index_col, usecols, dtype, engine, converters, true_values, false_values, skipinitialspace, skiprows, skipfooter, nrows, na_values, keep_default_na, na_filter, verbose, skip_blank_lines, parse_dates, infer_datetime_format, keep_date_col, date_parser, date_format, dayfirst, cache_dates, iterator, chunksize, compression, thousands, decimal, lineterminator, quotechar, quoting, doublequote, escapechar, comment, encoding, encoding_errors, dialect, on_bad_lines, delim_whitespace, low_memory, memory_map, float_precision, storage_options, dtype_backend)[0m
[0;32m    935[0m kwds_defaults [38;5;241m=[39m _refine_defaults_read(
[0;32m    936[0m     dialect,
[0;32m    937[0m     delimiter,
[1;32m   (...)[0m
[0;32m    944[0m     dtype_backend[38;5;241m=[39mdtype_backend,
[0;32m    945[0m )
[0;32m    946[0m kwds[38;5;241m.[39mupdate(kwds_defaults)
[1;32m--> 948[0m [38;5;28;01mreturn[39;00m [43m_read[49m[43m([49m[43mfilepath_or_buffer[49m[43m,[49m[43m [49m[43mkwds[49m[43m)[49m

File [1;32m~\anaconda3\envs\pymc_env\lib\site-packages\pandas\io\parsers\readers.py:611[0m, in [0;36m_read[1;34m(filepath_or_buffer, kwds)[0m
[0;32m    608[0m _validate_names(kwds[38;5;241m.[39mget([38;5;124m"[39m[38;5;124mnames[39m[38;5;124m"[39m, [38;5;28;01mNone[39;00m))
[0;32m    610[0m [38;5;66;03m# Create the parser.[39;00m
[1;32m--> 611[0m parser [38;5;241m=[39m TextFileReader(filepath_or_buffer, [38;5;241m*[39m[38;5;241m*[39mkwds)
[0;32m    613[0m [38;5;28;01mif[39;00m chunksize [38;5;129;01mor[39;00m iterator:
[0;32m    614[0m     [38;5;28;01mreturn[39;00m parser

File [1;32m~\anaconda3\envs\pymc_env\lib\site-packages\pandas\io\parsers\readers.py:1448[0m, in [0;36mTextFileReader.__init__[1;34m(self, f, engine, **kwds)[0m
[0;32m   1445[0m     [38;5;28mself[39m[38;5;241m.[39moptions[[38;5;124m"[39m[38;5;124mhas_index_names[39m[38;5;124m"[39m] [38;5;241m=[39m kwds[[38;5;124m"[39m[38;5;124mhas_index_names[39m[38;5;124m"[39m]
[0;32m   1447[0m [38;5;28mself[39m[38;5;241m.[39mhandles: IOHandles [38;5;241m|[39m [38;5;28;01mNone[39;00m [38;5;241m=[39m [38;5;28;01mNone[39;00m
[1;32m-> 1448[0m [38;5;28mself[39m[38;5;241m.[39m_engine [38;5;241m=[39m [38;5;28;43mself[39;49m[38;5;241;43m.[39;49m[43m_make_engine[49m[43m([49m[43mf[49m[43m,[49m[43m [49m[38;5;28;43mself[39;49m[38;5;241;43m.[39;49m[43mengine[49m[43m)[49m

File [1;32m~\anaconda3\envs\pymc_env\lib\site-packages\pandas\io\parsers\readers.py:1705[0m, in [0;36mTextFileReader._make_engine[1;34m(self, f, engine)[0m
[0;32m   1703[0m     [38;5;28;01mif[39;00m [38;5;124m"[39m[38;5;124mb[39m[38;5;124m"[39m [38;5;129;01mnot[39;00m [38;5;129;01min[39;00m mode:
[0;32m   1704[0m         mode [38;5;241m+[39m[38;5;241m=[39m [38;5;124m"[39m[38;5;124mb[39m[38;5;124m"[39m
[1;32m-> 1705[0m [38;5;28mself[39m[38;5;241m.[39mhandles [38;5;241m=[39m [43mget_handle[49m[43m([49m
[0;32m   1706[0m [43m    [49m[43mf[49m[43m,[49m
[0;32m   1707[0m [43m    [49m[43mmode[49m[43m,[49m
[0;32m   1708[0m [43m    [49m[43mencoding[49m[38;5;241;43m=[39;49m[38;5;28;43mself[39;49m[38;5;241;43m.[39;49m[43moptions[49m[38;5;241;43m.[39;49m[43mget[49m[43m([49m[38;5;124;43m"[39;49m[38;5;124;43mencoding[39;49m[38;5;124;43m"[39;49m[43m,[49m[43m [49m[38;5;28;43;01mNone[39;49;00m[43m)[49m[43m,[49m
[0;32m   1709[0m [43m    [49m[43mcompression[49m[38;5;241;43m=[39;49m[38;5;28;43mself[39;49m[38;5;241;43m.[39;49m[43moptions[49m[38;5;241;43m.[39;49m[43mget[49m[43m([49m[38;5;124;43m"[39;49m[38;5;124;43mcompression[39;49m[38;5;124;43m"[39;49m[43m,[49m[43m [49m[38;5;28;43;01mNone[39;49;00m[43m)[49m[43m,[49m
[0;32m   1710[0m [43m    [49m[43mmemory_map[49m[38;5;241;43m=[39;49m[38;5;28;43mself[39;49m[38;5;241;43m.[39;49m[43moptions[49m[38;5;241;43m.[39;49m[43mget[49m[43m([49m[38;5;124;43m"[39;49m[38;5;124;43mmemory_map[39;49m[38;5;124;43m"[39;49m[43m,[49m[43m [49m[38;5;28;43;01mFalse[39;49;00m[43m)[49m[43m,[49m
[0;32m   1711[0m [43m    [49m[43mis_text[49m[38;5;241;43m=[39;49m[43mis_text[49m[43m,[49m
[0;32m   1712[0m [43m    [49m[43merrors[49m[38;5;241;43m=[39;49m[38;5;28;43mself[39;49m[38;5;241;43m.[39;49m[43moptions[49m[38;5;241;43m.[39;49m[43mget[49m[43m([49m[38;5;124;43m"[39;49m[38;5;124;43mencoding_errors[39;49m[38;5;124;43m"[39;49m[43m,[49m[43m [49m[38;5;124;43m"[39;49m[38;5;124;43mstrict[39;49m[38;5;124;43m"[39;49m[43m)[49m[43m,[49m
[0;32m   1713[0m [43m    [49m[43mstorage_options[49m[38;5;241;43m=[39;49m[38;5;28;43mself[39;49m[38;5;241;43m.[39;49m[43moptions[49m[38;5;241;43m.[39;49m[43mget[49m[43m([49m[38;5;124;43m"[39;49m[38;5;124;43mstorage_options[39;49m[38;5;124;43m"[39;49m[43m,[49m[43m [49m[38;5;28;43;01mNone[39;49;00m[43m)[49m[43m,[49m
[0;32m   1714[0m [43m[49m[43m)[49m
[0;32m   1715[0m [38;5;28;01massert[39;00m [38;5;28mself[39m[38;5;241m.[39mhandles [38;5;129;01mis[39;00m [38;5;129;01mnot[39;00m [38;5;28;01mNone[39;00m
[0;32m   1716[0m f [38;5;241m=[39m [38;5;28mself[39m[38;5;241m.[39mhandles[38;5;241m.[39mhandle

File [1;32m~\anaconda3\envs\pymc_env\lib\site-packages\pandas\io\common.py:718[0m, in [0;36mget_handle[1;34m(path_or_buf, mode, encoding, compression, memory_map, is_text, errors, storage_options)[0m
[0;32m    715[0m     codecs[38;5;241m.[39mlookup_error(errors)
[0;32m    717[0m [38;5;66;03m# open URLs[39;00m
[1;32m--> 718[0m ioargs [38;5;241m=[39m [43m_get_filepath_or_buffer[49m[43m([49m
[0;32m    719[0m [43m    [49m[43mpath_or_buf[49m[43m,[49m
[0;32m    720[0m [43m    [49m[43mencoding[49m[38;5;241;43m=[39;49m[43mencoding[49m[43m,[49m
[0;32m    721[0m [43m    [49m[43mcompression[49m[38;5;241;43m=[39;49m[43mcompression[49m[43m,[49m
[0;32m    722[0m [43m    [49m[43mmode[49m[38;5;241;43m=[39;49m[43mmode[49m[43m,[49m
[0;32m    723[0m [43m    [49m[43mstorage_options[49m[38;5;241;43m=[39;49m[43mstorage_options[49m[43m,[49m
[0;32m    724[0m [43m[49m[43m)[49m
[0;32m    726[0m handle [38;5;241m=[39m ioargs[38;5;241m.[39mfilepath_or_buffer
[0;32m    727[0m handles: [38;5;28mlist[39m[BaseBuffer]

File [1;32m~\anaconda3\envs\pymc_env\lib\site-packages\pandas\io\common.py:372[0m, in [0;36m_get_filepath_or_buffer[1;34m(filepath_or_buffer, encoding, compression, mode, storage_options)[0m
[0;32m    370[0m [38;5;66;03m# assuming storage_options is to be interpreted as headers[39;00m
[0;32m    371[0m req_info [38;5;241m=[39m urllib[38;5;241m.[39mrequest[38;5;241m.[39mRequest(filepath_or_buffer, headers[38;5;241m=[39mstorage_options)
[1;32m--> 372[0m [38;5;28;01mwith[39;00m [43murlopen[49m[43m([49m[43mreq_info[49m[43m)[49m [38;5;28;01mas[39;00m req:
[0;32m    373[0m     content_encoding [38;5;241m=[39m req[38;5;241m.[39mheaders[38;5;241m.[39mget([38;5;124m"[39m[38;5;124mContent-Encoding[39m[38;5;124m"[39m, [38;5;28;01mNone[39;00m)
[0;32m    374[0m     [38;5;28;01mif[39;00m content_encoding [38;5;241m==[39m [38;5;124m"[39m[38;5;124mgzip[39m[38;5;124m"[39m:
[0;32m    375[0m         [38;5;66;03m# Override compression based on Content-Encoding header[39;00m

File [1;32m~\anaconda3\envs\pymc_env\lib\site-packages\pandas\io\common.py:274[0m, in [0;36murlopen[1;34m(*args, **kwargs)[0m
[0;32m    268[0m [38;5;250m[39m[38;5;124;03m"""[39;00m
[0;32m    269[0m [38;5;124;03mLazy-import wrapper for stdlib urlopen, as that imports a big chunk of[39;00m
[0;32m    270[0m [38;5;124;03mthe stdlib.[39;00m
[0;32m    271[0m [38;5;124;03m"""[39;00m
[0;32m    272[0m [38;5;28;01mimport[39;00m [38;5;21;01murllib[39;00m[38;5;21;01m.[39;00m[38;5;21;01mrequest[39;00m
[1;32m--> 274[0m [38;5;28;01mreturn[39;00m urllib[38;5;241m.[39mrequest[38;5;241m.[39murlopen([38;5;241m*[39margs, [38;5;241m*[39m[38;5;241m*[39mkwargs)

File [1;32m~\anaconda3\envs\pymc_env\lib\urllib\request.py:216[0m, in [0;36murlopen[1;34m(url, data, timeout, cafile, capath, cadefault, context)[0m
[0;32m    214[0m [38;5;28;01melse[39;00m:
[0;32m    215[0m     opener [38;5;241m=[39m _opener
[1;32m--> 216[0m [38;5;28;01mreturn[39;00m [43mopener[49m[38;5;241;43m.[39;49m[43mopen[49m[43m([49m[43murl[49m[43m,[49m[43m [49m[43mdata[49m[43m,[49m[43m [49m[43mtimeout[49m[43m)[49m

File [1;32m~\anaconda3\envs\pymc_env\lib\urllib\request.py:525[0m, in [0;36mOpenerDirector.open[1;34m(self, fullurl, data, timeout)[0m
[0;32m    523[0m [38;5;28;01mfor[39;00m processor [38;5;129;01min[39;00m [38;5;28mself[39m[38;5;241m.[39mprocess_response[38;5;241m.[39mget(protocol, []):
[0;32m    524[0m     meth [38;5;241m=[39m [38;5;28mgetattr[39m(processor, meth_name)
[1;32m--> 525[0m     response [38;5;241m=[39m [43mmeth[49m[43m([49m[43mreq[49m[43m,[49m[43m [49m[43mresponse[49m[43m)[49m
[0;32m    527[0m [38;5;28;01mreturn[39;00m response

File [1;32m~\anaconda3\envs\pymc_env\lib\urllib\request.py:634[0m, in [0;36mHTTPErrorProcessor.http_response[1;34m(self, request, response)[0m
[0;32m    631[0m [38;5;66;03m# According to RFC 2616, "2xx" code indicates that the client's[39;00m
[0;32m    632[0m [38;5;66;03m# request was successfully received, understood, and accepted.[39;00m
[0;32m    633[0m [38;5;28;01mif[39;00m [38;5;129;01mnot[39;00m ([38;5;241m200[39m [38;5;241m<[39m[38;5;241m=[39m code [38;5;241m<[39m [38;5;241m300[39m):
[1;32m--> 634[0m     response [38;5;241m=[39m [38;5;28;43mself[39;49m[38;5;241;43m.[39;49m[43mparent[49m[38;5;241;43m.[39;49m[43merror[49m[43m([49m
[0;32m    635[0m [43m        [49m[38;5;124;43m'[39;49m[38;5;124;43mhttp[39;49m[38;5;124;43m'[39;49m[43m,[49m[43m [49m[43mrequest[49m[43m,[49m[43m [49m[43mresponse[49m[43m,[49m[43m [49m[43mcode[49m[43m,[49m[43m [49m[43mmsg[49m[43m,[49m[43m [49m[43mhdrs[49m[43m)[49m
[0;32m    637[0m [38;5;28;01mreturn[39;00m response

File [1;32m~\anaconda3\envs\pymc_env\lib\urllib\request.py:563[0m, in [0;36mOpenerDirector.error[1;34m(self, proto, *args)[0m
[0;32m    561[0m [38;5;28;01mif[39;00m http_err:
[0;32m    562[0m     args [38;5;241m=[39m ([38;5;28mdict[39m, [38;5;124m'[39m[38;5;124mdefault[39m[38;5;124m'[39m, [38;5;124m'[39m[38;5;124mhttp_error_default[39m[38;5;124m'[39m) [38;5;241m+[39m orig_args
[1;32m--> 563[0m     [38;5;28;01mreturn[39;00m [38;5;28;43mself[39;49m[38;5;241;43m.[39;49m[43m_call_chain[49m[43m([49m[38;5;241;43m*[39;49m[43margs[49m[43m)[49m

File [1;32m~\anaconda3\envs\pymc_env\lib\urllib\request.py:496[0m, in [0;36mOpenerDirector._call_chain[1;34m(self, chain, kind, meth_name, *args)[0m
[0;32m    494[0m [38;5;28;01mfor[39;00m handler [38;5;129;01min[39;00m handlers:
[0;32m    495[0m     func [38;5;241m=[39m [38;5;28mgetattr[39m(handler, meth_name)
[1;32m--> 496[0m     result [38;5;241m=[39m [43mfunc[49m[43m([49m[38;5;241;43m*[39;49m[43margs[49m[43m)[49m
[0;32m    497[0m     [38;5;28;01mif[39;00m result [38;5;129;01mis[39;00m [38;5;129;01mnot[39;00m [38;5;28;01mNone[39;00m:
[0;32m    498[0m         [38;5;28;01mreturn[39;00m result

File [1;32m~\anaconda3\envs\pymc_env\lib\urllib\request.py:643[0m, in [0;36mHTTPDefaultErrorHandler.http_error_default[1;34m(self, req, fp, code, msg, hdrs)[0m
[0;32m    642[0m [38;5;28;01mdef[39;00m [38;5;21mhttp_error_default[39m([38;5;28mself[39m, req, fp, code, msg, hdrs):
[1;32m--> 643[0m     [38;5;28;01mraise[39;00m HTTPError(req[38;5;241m.[39mfull_url, code, msg, hdrs, fp)

[1;31mHTTPError[0m: HTTP Error 500: Internal Server Error
HTTPError: HTTP Error 500: Internal Server Error

